[master 581eae3] Lab 2 commit
 Committer: Yechen Liu <liu2550@mc18.cs.purdue.edu>
Your name and email address were configured automatically based
on your username and hostname. Please check that they are accurate.
You can suppress this message by setting them explicitly. Run the
following command and follow the instructions in your editor to edit
your configuration file:

    git config --global --edit

After doing this, you may fix the identity used for this commit with:

    git commit --amend --reset-author

 1 file changed, 1 insertion(+)
[master ad10c92] Lab 2 commit
 Committer: Yechen Liu <liu2550@mc18.cs.purdue.edu>
Your name and email address were configured automatically based
on your username and hostname. Please check that they are accurate.
You can suppress this message by setting them explicitly. Run the
following command and follow the instructions in your editor to edit
your configuration file:

    git config --global --edit

After doing this, you may fix the identity used for this commit with:

    git commit --amend --reset-author

 1 file changed, 1 insertion(+), 1 deletion(-)
[master f88f523] Lab 2 commit
 Committer: Yechen Liu <liu2550@mc18.cs.purdue.edu>
Your name and email address were configured automatically based
on your username and hostname. Please check that they are accurate.
You can suppress this message by setting them explicitly. Run the
following command and follow the instructions in your editor to edit
your configuration file:

    git config --global --edit

After doing this, you may fix the identity used for this commit with:

    git commit --amend --reset-author

 1 file changed, 43 insertions(+), 1 deletion(-)
[master d24a8f1] Lab 2 commit
 Committer: Yechen Liu <liu2550@mc18.cs.purdue.edu>
Your name and email address were configured automatically based
on your username and hostname. Please check that they are accurate.
You can suppress this message by setting them explicitly. Run the
following command and follow the instructions in your editor to edit
your configuration file:

    git config --global --edit

After doing this, you may fix the identity used for this commit with:

    git commit --amend --reset-author

 1 file changed, 1 insertion(+), 1 deletion(-)
[master 4d2ca08] Lab 2 commit
 Committer: Yechen Liu <liu2550@mc18.cs.purdue.edu>
Your name and email address were configured automatically based
on your username and hostname. Please check that they are accurate.
You can suppress this message by setting them explicitly. Run the
following command and follow the instructions in your editor to edit
your configuration file:

    git config --global --edit

After doing this, you may fix the identity used for this commit with:

    git commit --amend --reset-author

 1 file changed, 1 insertion(+), 1 deletion(-)
[master dfa1394] Lab 2 commit
 Committer: Yechen Liu <liu2550@mc18.cs.purdue.edu>
Your name and email address were configured automatically based
on your username and hostname. Please check that they are accurate.
You can suppress this message by setting them explicitly. Run the
following command and follow the instructions in your editor to edit
your configuration file:

    git config --global --edit

After doing this, you may fix the identity used for this commit with:

    git commit --amend --reset-author

 1 file changed, 1 insertion(+), 1 deletion(-)
[master 65838cb] Lab 2 commit
 Committer: Yechen Liu <liu2550@mc18.cs.purdue.edu>
Your name and email address were configured automatically based
on your username and hostname. Please check that they are accurate.
You can suppress this message by setting them explicitly. Run the
following command and follow the instructions in your editor to edit
your configuration file:

    git config --global --edit

After doing this, you may fix the identity used for this commit with:

    git commit --amend --reset-author

 1 file changed, 1 insertion(+), 1 deletion(-)
[master 711e445] Lab 2 commit
 Committer: Yechen Liu <liu2550@mc18.cs.purdue.edu>
Your name and email address were configured automatically based
on your username and hostname. Please check that they are accurate.
You can suppress this message by setting them explicitly. Run the
following command and follow the instructions in your editor to edit
your configuration file:

    git config --global --edit

After doing this, you may fix the identity used for this commit with:

    git commit --amend --reset-author

 1 file changed, 1 insertion(+), 1 deletion(-)
[master 622ae05] Lab 2 commit
 Committer: Yechen Liu <liu2550@mc18.cs.purdue.edu>
Your name and email address were configured automatically based
on your username and hostname. Please check that they are accurate.
You can suppress this message by setting them explicitly. Run the
following command and follow the instructions in your editor to edit
your configuration file:

    git config --global --edit

After doing this, you may fix the identity used for this commit with:

    git commit --amend --reset-author

 1 file changed, 1 insertion(+), 1 deletion(-)
[master 8f92588] Lab 2 commit
 Committer: Yechen Liu <liu2550@mc18.cs.purdue.edu>
Your name and email address were configured automatically based
on your username and hostname. Please check that they are accurate.
You can suppress this message by setting them explicitly. Run the
following command and follow the instructions in your editor to edit
your configuration file:

    git config --global --edit

After doing this, you may fix the identity used for this commit with:

    git commit --amend --reset-author

 1 file changed, 1 insertion(+)
[master 92aef53] Lab 2 commit
 Committer: Yechen Liu <liu2550@mc18.cs.purdue.edu>
Your name and email address were configured automatically based
on your username and hostname. Please check that they are accurate.
You can suppress this message by setting them explicitly. Run the
following command and follow the instructions in your editor to edit
your configuration file:

    git config --global --edit

After doing this, you may fix the identity used for this commit with:

    git commit --amend --reset-author

 1 file changed, 1 insertion(+), 1 deletion(-)
[master 1840d0c] Lab 2 commit
 Committer: Yechen Liu <liu2550@mc18.cs.purdue.edu>
Your name and email address were configured automatically based
on your username and hostname. Please check that they are accurate.
You can suppress this message by setting them explicitly. Run the
following command and follow the instructions in your editor to edit
your configuration file:

    git config --global --edit

After doing this, you may fix the identity used for this commit with:

    git commit --amend --reset-author

 1 file changed, 1 insertion(+), 1 deletion(-)
[master ab09387] Lab 2 commit
 Committer: Yechen Liu <liu2550@moore17.cs.purdue.edu>
Your name and email address were configured automatically based
on your username and hostname. Please check that they are accurate.
You can suppress this message by setting them explicitly. Run the
following command and follow the instructions in your editor to edit
your configuration file:

    git config --global --edit

After doing this, you may fix the identity used for this commit with:

    git commit --amend --reset-author

 1 file changed, 2 insertions(+), 3 deletions(-)
On branch master
Your branch is up to date with 'origin/master'.

Untracked files:
	.local.git.out
	p1-test.sh
	temp_pswd.txt
	testfile

nothing added to commit but untracked files present
On branch master
Your branch is up to date with 'origin/master'.

Untracked files:
	.local.git.out
	p1-test.sh
	temp_pswd.txt
	testfile

nothing added to commit but untracked files present
On branch master
Your branch is up to date with 'origin/master'.

Untracked files:
	.local.git.out
	p1-test.sh
	temp_pswd.txt
	testfile

nothing added to commit but untracked files present
On branch master
Your branch is up to date with 'origin/master'.

Untracked files:
	.local.git.out
	p1-test.sh
	temp_pswd.txt
	testfile

nothing added to commit but untracked files present
On branch master
Your branch is up to date with 'origin/master'.

Untracked files:
	.local.git.out
	p1-test.sh
	temp_pswd.txt
	testfile

nothing added to commit but untracked files present
On branch master
Your branch is up to date with 'origin/master'.

Untracked files:
	.local.git.out
	p1-test.sh
	temp_pswd.txt
	testfile

nothing added to commit but untracked files present
On branch master
Your branch is up to date with 'origin/master'.

Untracked files:
	.local.git.out
	p1-test.sh
	temp_pswd.txt
	testfile

nothing added to commit but untracked files present
On branch master
Your branch is up to date with 'origin/master'.

Untracked files:
	.local.git.out
	p1-test.sh
	temp_pswd.txt
	testfile

nothing added to commit but untracked files present
On branch master
Your branch is up to date with 'origin/master'.

Untracked files:
	.local.git.out
	p1-test.sh
	temp_pswd.txt
	testfile

nothing added to commit but untracked files present
On branch master
Your branch is up to date with 'origin/master'.

Untracked files:
	.local.git.out
	p1-test.sh
	temp_pswd.txt
	testfile

nothing added to commit but untracked files present
On branch master
Your branch is up to date with 'origin/master'.

Untracked files:
	.local.git.out
	p1-test.sh
	temp_pswd.txt
	testfile

nothing added to commit but untracked files present
On branch master
Your branch is up to date with 'origin/master'.

Untracked files:
	.local.git.out
	p1-test.sh
	temp_pswd.txt
	testfile

nothing added to commit but untracked files present
On branch master
Your branch is up to date with 'origin/master'.

Untracked files:
	.local.git.out
	p1-test.sh
	temp_pswd.txt
	testfile

nothing added to commit but untracked files present
On branch master
Your branch is up to date with 'origin/master'.

Untracked files:
	.local.git.out
	p1-test.sh
	temp_pswd.txt
	testfile

nothing added to commit but untracked files present
On branch master
Your branch is up to date with 'origin/master'.

Untracked files:
	.local.git.out
	p1-test.sh
	temp_pswd.txt
	testfile

nothing added to commit but untracked files present
On branch master
Your branch is up to date with 'origin/master'.

Untracked files:
	.local.git.out
	p1-test.sh
	temp_pswd.txt
	testfile

nothing added to commit but untracked files present
On branch master
Your branch is up to date with 'origin/master'.

Untracked files:
	.local.git.out
	p1-test.sh
	temp_pswd.txt
	testfile

nothing added to commit but untracked files present
On branch master
Your branch is up to date with 'origin/master'.

Untracked files:
	.local.git.out
	p1-test.sh
	temp_pswd.txt
	testfile

nothing added to commit but untracked files present
[master 6d9f077] Lab 2 commit
 Committer: Yechen Liu <liu2550@moore17.cs.purdue.edu>
Your name and email address were configured automatically based
on your username and hostname. Please check that they are accurate.
You can suppress this message by setting them explicitly. Run the
following command and follow the instructions in your editor to edit
your configuration file:

    git config --global --edit

After doing this, you may fix the identity used for this commit with:

    git commit --amend --reset-author

 1 file changed, 1 insertion(+)
[master 2e5ac7e] Lab 2 commit
 Committer: Yechen Liu <liu2550@moore17.cs.purdue.edu>
Your name and email address were configured automatically based
on your username and hostname. Please check that they are accurate.
You can suppress this message by setting them explicitly. Run the
following command and follow the instructions in your editor to edit
your configuration file:

    git config --global --edit

After doing this, you may fix the identity used for this commit with:

    git commit --amend --reset-author

 1 file changed, 1 insertion(+), 1 deletion(-)
[master bd2ffe9] Lab 2 commit
 Committer: Yechen Liu <liu2550@moore17.cs.purdue.edu>
Your name and email address were configured automatically based
on your username and hostname. Please check that they are accurate.
You can suppress this message by setting them explicitly. Run the
following command and follow the instructions in your editor to edit
your configuration file:

    git config --global --edit

After doing this, you may fix the identity used for this commit with:

    git commit --amend --reset-author

 1 file changed, 1 insertion(+), 1 deletion(-)
[master 54f5658] Lab 2 commit
 Committer: Yechen Liu <liu2550@moore17.cs.purdue.edu>
Your name and email address were configured automatically based
on your username and hostname. Please check that they are accurate.
You can suppress this message by setting them explicitly. Run the
following command and follow the instructions in your editor to edit
your configuration file:

    git config --global --edit

After doing this, you may fix the identity used for this commit with:

    git commit --amend --reset-author

 1 file changed, 1 insertion(+), 1 deletion(-)
[master ac55a8f] Lab 2 commit
 Committer: Yechen Liu <liu2550@moore17.cs.purdue.edu>
Your name and email address were configured automatically based
on your username and hostname. Please check that they are accurate.
You can suppress this message by setting them explicitly. Run the
following command and follow the instructions in your editor to edit
your configuration file:

    git config --global --edit

After doing this, you may fix the identity used for this commit with:

    git commit --amend --reset-author

 1 file changed, 1 insertion(+), 1 deletion(-)
[master df881b0] Lab 2 commit
 Committer: Yechen Liu <liu2550@moore17.cs.purdue.edu>
Your name and email address were configured automatically based
on your username and hostname. Please check that they are accurate.
You can suppress this message by setting them explicitly. Run the
following command and follow the instructions in your editor to edit
your configuration file:

    git config --global --edit

After doing this, you may fix the identity used for this commit with:

    git commit --amend --reset-author

 1 file changed, 1 deletion(-)
On branch master
Your branch is up to date with 'origin/master'.

Untracked files:
	.local.git.out
	p1-test.sh
	temp_pswd.txt
	testfile

nothing added to commit but untracked files present
On branch master
Your branch is up to date with 'origin/master'.

Untracked files:
	.local.git.out
	p1-test.sh
	temp_pswd.txt
	testfile

nothing added to commit but untracked files present
On branch master
Your branch is up to date with 'origin/master'.

Untracked files:
	.local.git.out
	p1-test.sh
	temp_pswd.txt
	testfile

nothing added to commit but untracked files present
On branch master
Your branch is up to date with 'origin/master'.

Untracked files:
	.local.git.out
	p1-test.sh
	temp_pswd.txt
	testfile

nothing added to commit but untracked files present
On branch master
Your branch is up to date with 'origin/master'.

Untracked files:
	.local.git.out
	p1-test.sh
	temp_pswd.txt
	testfile

nothing added to commit but untracked files present
On branch master
Your branch is up to date with 'origin/master'.

Untracked files:
	.local.git.out
	p1-test.sh
	temp_pswd.txt
	testfile

nothing added to commit but untracked files present
On branch master
Your branch is up to date with 'origin/master'.

Untracked files:
	.local.git.out
	p1-test.sh
	temp_pswd.txt
	testfile

nothing added to commit but untracked files present
On branch master
Your branch is up to date with 'origin/master'.

Untracked files:
	.local.git.out
	p1-test.sh
	temp_pswd.txt
	testfile

nothing added to commit but untracked files present
On branch master
Your branch is up to date with 'origin/master'.

Untracked files:
	.local.git.out
	p1-test.sh
	temp_pswd.txt
	testfile

nothing added to commit but untracked files present
On branch master
Your branch is up to date with 'origin/master'.

Untracked files:
	.local.git.out
	p1-test.sh
	temp_pswd.txt
	testfile

nothing added to commit but untracked files present
On branch master
Your branch is up to date with 'origin/master'.

Untracked files:
	.local.git.out
	p1-test.sh
	temp_pswd.txt
	testfile

nothing added to commit but untracked files present
On branch master
Your branch is up to date with 'origin/master'.

Untracked files:
	.local.git.out
	p1-test.sh
	temp_pswd.txt
	testfile

nothing added to commit but untracked files present
On branch master
Your branch is up to date with 'origin/master'.

Untracked files:
	.local.git.out
	p1-test.sh
	temp_pswd.txt
	testfile

nothing added to commit but untracked files present
On branch master
Your branch is up to date with 'origin/master'.

Untracked files:
	.local.git.out
	p1-test.sh
	temp_pswd.txt
	testfile

nothing added to commit but untracked files present
On branch master
Your branch is up to date with 'origin/master'.

Untracked files:
	.local.git.out
	p1-test.sh
	temp_pswd.txt
	testfile

nothing added to commit but untracked files present
On branch master
Your branch is up to date with 'origin/master'.

Untracked files:
	.local.git.out
	p1-test.sh
	temp_pswd.txt
	testfile

nothing added to commit but untracked files present
On branch master
Your branch is up to date with 'origin/master'.

Untracked files:
	.local.git.out
	p1-test.sh
	temp_pswd.txt
	testfile

nothing added to commit but untracked files present
On branch master
Your branch is up to date with 'origin/master'.

Untracked files:
	.local.git.out
	p1-test.sh
	temp_pswd.txt
	test-pass
	testfile

nothing added to commit but untracked files present
On branch master
Your branch is up to date with 'origin/master'.

Untracked files:
	.local.git.out
	p1-test.sh
	temp_pswd.txt
	test-pass
	testfile

nothing added to commit but untracked files present
On branch master
Your branch is up to date with 'origin/master'.

Untracked files:
	.local.git.out
	p1-test.sh
	temp_pswd.txt
	test-pass
	testfile

nothing added to commit but untracked files present
On branch master
Your branch is up to date with 'origin/master'.

Untracked files:
	.local.git.out
	p1-test.sh
	temp_pswd.txt
	test-pass
	testfile

nothing added to commit but untracked files present
On branch master
Your branch is up to date with 'origin/master'.

Untracked files:
	.local.git.out
	p1-test.sh
	temp_pswd.txt
	test-pass
	testfile

nothing added to commit but untracked files present
On branch master
Your branch is up to date with 'origin/master'.

Untracked files:
	.local.git.out
	p1-test.sh
	temp_pswd.txt
	test-pass
	testfile

nothing added to commit but untracked files present
On branch master
Your branch is up to date with 'origin/master'.

Untracked files:
	.local.git.out
	p1-test.sh
	temp_pswd.txt
	test-pass
	testfile

nothing added to commit but untracked files present
On branch master
Your branch is up to date with 'origin/master'.

Untracked files:
	.local.git.out
	p1-test.sh
	temp_pswd.txt
	test-pass
	testfile

nothing added to commit but untracked files present
On branch master
Your branch is up to date with 'origin/master'.

Untracked files:
	.local.git.out
	p1-test.sh
	temp_pswd.txt
	test-pass
	testfile

nothing added to commit but untracked files present
On branch master
Your branch is up to date with 'origin/master'.

Untracked files:
	.local.git.out
	p1-test.sh
	temp_pswd.txt
	test-pass
	testfile

nothing added to commit but untracked files present
On branch master
Your branch is up to date with 'origin/master'.

Untracked files:
	.local.git.out
	p1-test.sh
	temp_pswd.txt
	test-pass
	testfile

nothing added to commit but untracked files present
On branch master
Your branch is up to date with 'origin/master'.

Untracked files:
	.local.git.out
	p1-test.sh
	temp_pswd.txt
	test-pass
	testfile

nothing added to commit but untracked files present
On branch master
Your branch is up to date with 'origin/master'.

Untracked files:
	.local.git.out
	p1-test.sh
	temp_pswd.txt
	test-pass
	testfile

nothing added to commit but untracked files present
On branch master
Your branch is up to date with 'origin/master'.

Untracked files:
	.local.git.out
	p1-test.sh
	temp_pswd.txt
	test-pass
	testfile

nothing added to commit but untracked files present
On branch master
Your branch is up to date with 'origin/master'.

Untracked files:
	.local.git.out
	p1-test.sh
	temp_pswd.txt
	test-pass
	testfile

nothing added to commit but untracked files present
On branch master
Your branch is up to date with 'origin/master'.

Untracked files:
	.local.git.out
	p1-test.sh
	temp_pswd.txt
	test-pass
	testfile

nothing added to commit but untracked files present
On branch master
Your branch is up to date with 'origin/master'.

Untracked files:
	.local.git.out
	p1-test.sh
	temp_pswd.txt
	test-pass
	testfile

nothing added to commit but untracked files present
On branch master
Your branch is up to date with 'origin/master'.

Untracked files:
	.local.git.out
	p1-test.sh
	temp_pswd.txt
	test-pass
	testfile

nothing added to commit but untracked files present
[master 8eb196a] Lab 2 commit
 Committer: Yechen Liu <liu2550@moore17.cs.purdue.edu>
Your name and email address were configured automatically based
on your username and hostname. Please check that they are accurate.
You can suppress this message by setting them explicitly. Run the
following command and follow the instructions in your editor to edit
your configuration file:

    git config --global --edit

After doing this, you may fix the identity used for this commit with:

    git commit --amend --reset-author

 2 files changed, 27 insertions(+), 12 deletions(-)
[master 8c1782b] Lab 2 commit
 Committer: Yechen Liu <liu2550@moore17.cs.purdue.edu>
Your name and email address were configured automatically based
on your username and hostname. Please check that they are accurate.
You can suppress this message by setting them explicitly. Run the
following command and follow the instructions in your editor to edit
your configuration file:

    git config --global --edit

After doing this, you may fix the identity used for this commit with:

    git commit --amend --reset-author

 1 file changed, 5 insertions(+), 4 deletions(-)
[master c04d309] Lab 2 commit
 Committer: Yechen Liu <liu2550@moore17.cs.purdue.edu>
Your name and email address were configured automatically based
on your username and hostname. Please check that they are accurate.
You can suppress this message by setting them explicitly. Run the
following command and follow the instructions in your editor to edit
your configuration file:

    git config --global --edit

After doing this, you may fix the identity used for this commit with:

    git commit --amend --reset-author

 1 file changed, 1 insertion(+), 1 deletion(-)
On branch master
Your branch is up to date with 'origin/master'.

Untracked files:
	.local.git.out
	p1-test.sh
	temp_pswd.txt
	test-pass
	test.sh
	testfile

nothing added to commit but untracked files present
[master 0b3f491] Lab 2 commit
 Committer: Yechen Liu <liu2550@moore17.cs.purdue.edu>
Your name and email address were configured automatically based
on your username and hostname. Please check that they are accurate.
You can suppress this message by setting them explicitly. Run the
following command and follow the instructions in your editor to edit
your configuration file:

    git config --global --edit

After doing this, you may fix the identity used for this commit with:

    git commit --amend --reset-author

 1 file changed, 1 insertion(+), 1 deletion(-)
[master 73629af] Lab 2 commit
 Committer: Yechen Liu <liu2550@moore17.cs.purdue.edu>
Your name and email address were configured automatically based
on your username and hostname. Please check that they are accurate.
You can suppress this message by setting them explicitly. Run the
following command and follow the instructions in your editor to edit
your configuration file:

    git config --global --edit

After doing this, you may fix the identity used for this commit with:

    git commit --amend --reset-author

 1 file changed, 1 insertion(+)
[master 498d809] Lab 2 commit
 Committer: Yechen Liu <liu2550@moore17.cs.purdue.edu>
Your name and email address were configured automatically based
on your username and hostname. Please check that they are accurate.
You can suppress this message by setting them explicitly. Run the
following command and follow the instructions in your editor to edit
your configuration file:

    git config --global --edit

After doing this, you may fix the identity used for this commit with:

    git commit --amend --reset-author

 1 file changed, 1 insertion(+)
[master 6c46ad7] Lab 2 commit
 Committer: Yechen Liu <liu2550@moore17.cs.purdue.edu>
Your name and email address were configured automatically based
on your username and hostname. Please check that they are accurate.
You can suppress this message by setting them explicitly. Run the
following command and follow the instructions in your editor to edit
your configuration file:

    git config --global --edit

After doing this, you may fix the identity used for this commit with:

    git commit --amend --reset-author

 1 file changed, 2 insertions(+), 2 deletions(-)
[master d6a00ae] Lab 2 commit
 Committer: Yechen Liu <liu2550@moore17.cs.purdue.edu>
Your name and email address were configured automatically based
on your username and hostname. Please check that they are accurate.
You can suppress this message by setting them explicitly. Run the
following command and follow the instructions in your editor to edit
your configuration file:

    git config --global --edit

After doing this, you may fix the identity used for this commit with:

    git commit --amend --reset-author

 1 file changed, 5 insertions(+), 5 deletions(-)
[master 7abbcaa] Lab 2 commit
 Committer: Yechen Liu <liu2550@moore17.cs.purdue.edu>
Your name and email address were configured automatically based
on your username and hostname. Please check that they are accurate.
You can suppress this message by setting them explicitly. Run the
following command and follow the instructions in your editor to edit
your configuration file:

    git config --global --edit

After doing this, you may fix the identity used for this commit with:

    git commit --amend --reset-author

 1 file changed, 1 insertion(+), 1 deletion(-)
[master 00fa284] Lab 2 commit
 Committer: Yechen Liu <liu2550@moore17.cs.purdue.edu>
Your name and email address were configured automatically based
on your username and hostname. Please check that they are accurate.
You can suppress this message by setting them explicitly. Run the
following command and follow the instructions in your editor to edit
your configuration file:

    git config --global --edit

After doing this, you may fix the identity used for this commit with:

    git commit --amend --reset-author

 1 file changed, 2 insertions(+), 2 deletions(-)
On branch master
Your branch is up to date with 'origin/master'.

Untracked files:
	.local.git.out
	p1-test.sh
	temp_pswd.txt
	test-pass
	test.sh
	testfile

nothing added to commit but untracked files present
On branch master
Your branch is up to date with 'origin/master'.

Untracked files:
	.local.git.out
	p1-test.sh
	reports_dir/
	temp_pswd.txt
	test-pass
	test.sh
	testfile

nothing added to commit but untracked files present
[master ccc0395] Lab 2 commit
 Committer: Yechen Liu <liu2550@moore17.cs.purdue.edu>
Your name and email address were configured automatically based
on your username and hostname. Please check that they are accurate.
You can suppress this message by setting them explicitly. Run the
following command and follow the instructions in your editor to edit
your configuration file:

    git config --global --edit

After doing this, you may fix the identity used for this commit with:

    git commit --amend --reset-author

 1 file changed, 1 insertion(+), 1 deletion(-)
[master 9812207] Lab 2 commit
 Committer: Yechen Liu <liu2550@moore17.cs.purdue.edu>
Your name and email address were configured automatically based
on your username and hostname. Please check that they are accurate.
You can suppress this message by setting them explicitly. Run the
following command and follow the instructions in your editor to edit
your configuration file:

    git config --global --edit

After doing this, you may fix the identity used for this commit with:

    git commit --amend --reset-author

 1 file changed, 1 insertion(+), 1 deletion(-)
On branch master
Your branch is up to date with 'origin/master'.

Untracked files:
	.local.git.out
	p1-test.sh
	temp_pswd.txt
	test-pass
	test.sh
	testfile

nothing added to commit but untracked files present
[master bdd9412] Lab 2 commit
 Committer: Yechen Liu <liu2550@moore17.cs.purdue.edu>
Your name and email address were configured automatically based
on your username and hostname. Please check that they are accurate.
You can suppress this message by setting them explicitly. Run the
following command and follow the instructions in your editor to edit
your configuration file:

    git config --global --edit

After doing this, you may fix the identity used for this commit with:

    git commit --amend --reset-author

 1 file changed, 2 insertions(+), 2 deletions(-)
On branch master
Your branch is up to date with 'origin/master'.

nothing to commit, working tree clean
[master 1f9bf0c] Lab 2 commit
 Committer: Yechen Liu <liu2550@pod3-2.cs.purdue.edu>
Your name and email address were configured automatically based
on your username and hostname. Please check that they are accurate.
You can suppress this message by setting them explicitly. Run the
following command and follow the instructions in your editor to edit
your configuration file:

    git config --global --edit

After doing this, you may fix the identity used for this commit with:

    git commit --amend --reset-author

 1 file changed, 4 insertions(+)
[master 71b3880] Lab 2 commit
 Committer: Yechen Liu <liu2550@pod3-2.cs.purdue.edu>
Your name and email address were configured automatically based
on your username and hostname. Please check that they are accurate.
You can suppress this message by setting them explicitly. Run the
following command and follow the instructions in your editor to edit
your configuration file:

    git config --global --edit

After doing this, you may fix the identity used for this commit with:

    git commit --amend --reset-author

 5 files changed, 15 insertions(+), 16 deletions(-)
 delete mode 100644 reports_dir/11.02.2019.20.09.19
 delete mode 100644 reports_dir/11.02.2019.20.09.24
 delete mode 100644 reports_dir/11.02.2019.20.09.29
 delete mode 100644 reports_dir/11.02.2019.20.09.34
[master 6b27975] Lab 2 commit
 Committer: Yechen Liu <liu2550@pod3-2.cs.purdue.edu>
Your name and email address were configured automatically based
on your username and hostname. Please check that they are accurate.
You can suppress this message by setting them explicitly. Run the
following command and follow the instructions in your editor to edit
your configuration file:

    git config --global --edit

After doing this, you may fix the identity used for this commit with:

    git commit --amend --reset-author

 2 files changed, 21 insertions(+), 2 deletions(-)
[master 2859492] Lab 2 commit
 Committer: Yechen Liu <liu2550@pod3-2.cs.purdue.edu>
Your name and email address were configured automatically based
on your username and hostname. Please check that they are accurate.
You can suppress this message by setting them explicitly. Run the
following command and follow the instructions in your editor to edit
your configuration file:

    git config --global --edit

After doing this, you may fix the identity used for this commit with:

    git commit --amend --reset-author

 1 file changed, 15 insertions(+)
[master 4129045] Lab 2 commit
 Committer: Yechen Liu <liu2550@pod3-2.cs.purdue.edu>
Your name and email address were configured automatically based
on your username and hostname. Please check that they are accurate.
You can suppress this message by setting them explicitly. Run the
following command and follow the instructions in your editor to edit
your configuration file:

    git config --global --edit

After doing this, you may fix the identity used for this commit with:

    git commit --amend --reset-author

 2 files changed, 17 insertions(+), 2 deletions(-)
[master fef10a7] Lab 2 commit
 Committer: Yechen Liu <liu2550@pod3-2.cs.purdue.edu>
Your name and email address were configured automatically based
on your username and hostname. Please check that they are accurate.
You can suppress this message by setting them explicitly. Run the
following command and follow the instructions in your editor to edit
your configuration file:

    git config --global --edit

After doing this, you may fix the identity used for this commit with:

    git commit --amend --reset-author

 2 files changed, 17 insertions(+), 2 deletions(-)
[master 20ceeb2] Lab 2 commit
 Committer: Yechen Liu <liu2550@pod3-2.cs.purdue.edu>
Your name and email address were configured automatically based
on your username and hostname. Please check that they are accurate.
You can suppress this message by setting them explicitly. Run the
following command and follow the instructions in your editor to edit
your configuration file:

    git config --global --edit

After doing this, you may fix the identity used for this commit with:

    git commit --amend --reset-author

 2 files changed, 17 insertions(+)
[master 6ce2cfd] Lab 2 commit
 Committer: Yechen Liu <liu2550@pod3-2.cs.purdue.edu>
Your name and email address were configured automatically based
on your username and hostname. Please check that they are accurate.
You can suppress this message by setting them explicitly. Run the
following command and follow the instructions in your editor to edit
your configuration file:

    git config --global --edit

After doing this, you may fix the identity used for this commit with:

    git commit --amend --reset-author

 1 file changed, 15 insertions(+)
[master a597598] Lab 2 commit
 Committer: Yechen Liu <liu2550@pod3-2.cs.purdue.edu>
Your name and email address were configured automatically based
on your username and hostname. Please check that they are accurate.
You can suppress this message by setting them explicitly. Run the
following command and follow the instructions in your editor to edit
your configuration file:

    git config --global --edit

After doing this, you may fix the identity used for this commit with:

    git commit --amend --reset-author

 1 file changed, 15 insertions(+)
[master c0e3414] Lab 2 commit
 Committer: Yechen Liu <liu2550@pod3-2.cs.purdue.edu>
Your name and email address were configured automatically based
on your username and hostname. Please check that they are accurate.
You can suppress this message by setting them explicitly. Run the
following command and follow the instructions in your editor to edit
your configuration file:

    git config --global --edit

After doing this, you may fix the identity used for this commit with:

    git commit --amend --reset-author

 2 files changed, 17 insertions(+), 3 deletions(-)
[master 06a999f] Lab 2 commit
 Committer: Yechen Liu <liu2550@pod3-2.cs.purdue.edu>
Your name and email address were configured automatically based
on your username and hostname. Please check that they are accurate.
You can suppress this message by setting them explicitly. Run the
following command and follow the instructions in your editor to edit
your configuration file:

    git config --global --edit

After doing this, you may fix the identity used for this commit with:

    git commit --amend --reset-author

 2 files changed, 16 insertions(+), 1 deletion(-)
[master 86e861d] Lab 2 commit
 Committer: Yechen Liu <liu2550@pod3-2.cs.purdue.edu>
Your name and email address were configured automatically based
on your username and hostname. Please check that they are accurate.
You can suppress this message by setting them explicitly. Run the
following command and follow the instructions in your editor to edit
your configuration file:

    git config --global --edit

After doing this, you may fix the identity used for this commit with:

    git commit --amend --reset-author

 2 files changed, 17 insertions(+), 2 deletions(-)
[master ec69c24] Lab 2 commit
 Committer: Yechen Liu <liu2550@pod3-2.cs.purdue.edu>
Your name and email address were configured automatically based
on your username and hostname. Please check that they are accurate.
You can suppress this message by setting them explicitly. Run the
following command and follow the instructions in your editor to edit
your configuration file:

    git config --global --edit

After doing this, you may fix the identity used for this commit with:

    git commit --amend --reset-author

 2 files changed, 21 insertions(+), 4 deletions(-)
[master 45f3f62] Lab 2 commit
 Committer: Yechen Liu <liu2550@pod3-2.cs.purdue.edu>
Your name and email address were configured automatically based
on your username and hostname. Please check that they are accurate.
You can suppress this message by setting them explicitly. Run the
following command and follow the instructions in your editor to edit
your configuration file:

    git config --global --edit

After doing this, you may fix the identity used for this commit with:

    git commit --amend --reset-author

 2 files changed, 17 insertions(+), 2 deletions(-)
[master 94fe73b] Lab 2 commit
 Committer: Yechen Liu <liu2550@pod3-2.cs.purdue.edu>
Your name and email address were configured automatically based
on your username and hostname. Please check that they are accurate.
You can suppress this message by setting them explicitly. Run the
following command and follow the instructions in your editor to edit
your configuration file:

    git config --global --edit

After doing this, you may fix the identity used for this commit with:

    git commit --amend --reset-author

 2 files changed, 17 insertions(+), 1 deletion(-)
[master 482afd6] Lab 2 commit
 Committer: Yechen Liu <liu2550@pod3-2.cs.purdue.edu>
Your name and email address were configured automatically based
on your username and hostname. Please check that they are accurate.
You can suppress this message by setting them explicitly. Run the
following command and follow the instructions in your editor to edit
your configuration file:

    git config --global --edit

After doing this, you may fix the identity used for this commit with:

    git commit --amend --reset-author

 2 files changed, 17 insertions(+), 2 deletions(-)
[master b1b5b1f] Lab 2 commit
 Committer: Yechen Liu <liu2550@pod3-2.cs.purdue.edu>
Your name and email address were configured automatically based
on your username and hostname. Please check that they are accurate.
You can suppress this message by setting them explicitly. Run the
following command and follow the instructions in your editor to edit
your configuration file:

    git config --global --edit

After doing this, you may fix the identity used for this commit with:

    git commit --amend --reset-author

 2 files changed, 16 insertions(+), 3 deletions(-)
